<?xml version="1.0" encoding="UTF-8"?>
<testsuite xmlns:xsi="http://www.w3.org/2001/XMLSchema-instance" xsi:noNamespaceSchemaLocation="https://maven.apache.org/surefire/maven-surefire-plugin/xsd/surefire-test-report.xsd" name="com.globant.app.AppTest" time="0.016" tests="1" errors="0" skipped="0" failures="0">
  <properties>
    <property name="java.specification.version" value="21"/>
    <property name="sun.cpu.isalist" value="amd64"/>
    <property name="sun.jnu.encoding" value="Cp1252"/>
    <property name="java.class.path" value="C:\my-app\target\test-classes;C:\my-app\target\classes;C:\Users\Miguel\.m2\repository\junit\junit\4.11\junit-4.11.jar;C:\Users\Miguel\.m2\repository\org\hamcrest\hamcrest-core\1.3\hamcrest-core-1.3.jar;C:\Users\Miguel\.m2\repository\com\sparkjava\spark-core\2.9.4\spark-core-2.9.4.jar;C:\Users\Miguel\.m2\repository\org\slf4j\slf4j-api\1.7.25\slf4j-api-1.7.25.jar;C:\Users\Miguel\.m2\repository\org\eclipse\jetty\jetty-server\9.4.48.v20220622\jetty-server-9.4.48.v20220622.jar;C:\Users\Miguel\.m2\repository\javax\servlet\javax.servlet-api\3.1.0\javax.servlet-api-3.1.0.jar;C:\Users\Miguel\.m2\repository\org\eclipse\jetty\jetty-http\9.4.48.v20220622\jetty-http-9.4.48.v20220622.jar;C:\Users\Miguel\.m2\repository\org\eclipse\jetty\jetty-util\9.4.48.v20220622\jetty-util-9.4.48.v20220622.jar;C:\Users\Miguel\.m2\repository\org\eclipse\jetty\jetty-io\9.4.48.v20220622\jetty-io-9.4.48.v20220622.jar;C:\Users\Miguel\.m2\repository\org\eclipse\jetty\jetty-webapp\9.4.48.v20220622\jetty-webapp-9.4.48.v20220622.jar;C:\Users\Miguel\.m2\repository\org\eclipse\jetty\jetty-xml\9.4.48.v20220622\jetty-xml-9.4.48.v20220622.jar;C:\Users\Miguel\.m2\repository\org\eclipse\jetty\jetty-servlet\9.4.48.v20220622\jetty-servlet-9.4.48.v20220622.jar;C:\Users\Miguel\.m2\repository\org\eclipse\jetty\jetty-security\9.4.48.v20220622\jetty-security-9.4.48.v20220622.jar;C:\Users\Miguel\.m2\repository\org\eclipse\jetty\jetty-util-ajax\9.4.48.v20220622\jetty-util-ajax-9.4.48.v20220622.jar;C:\Users\Miguel\.m2\repository\org\eclipse\jetty\websocket\websocket-server\9.4.48.v20220622\websocket-server-9.4.48.v20220622.jar;C:\Users\Miguel\.m2\repository\org\eclipse\jetty\websocket\websocket-common\9.4.48.v20220622\websocket-common-9.4.48.v20220622.jar;C:\Users\Miguel\.m2\repository\org\eclipse\jetty\websocket\websocket-client\9.4.48.v20220622\websocket-client-9.4.48.v20220622.jar;C:\Users\Miguel\.m2\repository\org\eclipse\jetty\jetty-client\9.4.48.v20220622\jetty-client-9.4.48.v20220622.jar;C:\Users\Miguel\.m2\repository\org\eclipse\jetty\websocket\websocket-servlet\9.4.48.v20220622\websocket-servlet-9.4.48.v20220622.jar;C:\Users\Miguel\.m2\repository\org\eclipse\jetty\websocket\websocket-api\9.4.48.v20220622\websocket-api-9.4.48.v20220622.jar;C:\Users\Miguel\.m2\repository\mysql\mysql-connector-java\8.0.13\mysql-connector-java-8.0.13.jar;C:\Users\Miguel\.m2\repository\com\google\protobuf\protobuf-java\3.6.1\protobuf-java-3.6.1.jar;C:\Users\Miguel\.m2\repository\org\apache\spark\spark-core_2.12\3.1.1\spark-core_2.12-3.1.1.jar;C:\Users\Miguel\.m2\repository\com\thoughtworks\paranamer\paranamer\2.8\paranamer-2.8.jar;C:\Users\Miguel\.m2\repository\org\apache\avro\avro\1.8.2\avro-1.8.2.jar;C:\Users\Miguel\.m2\repository\org\codehaus\jackson\jackson-core-asl\1.9.13\jackson-core-asl-1.9.13.jar;C:\Users\Miguel\.m2\repository\org\codehaus\jackson\jackson-mapper-asl\1.9.13\jackson-mapper-asl-1.9.13.jar;C:\Users\Miguel\.m2\repository\org\apache\commons\commons-compress\1.8.1\commons-compress-1.8.1.jar;C:\Users\Miguel\.m2\repository\org\tukaani\xz\1.5\xz-1.5.jar;C:\Users\Miguel\.m2\repository\org\apache\avro\avro-mapred\1.8.2\avro-mapred-1.8.2-hadoop2.jar;C:\Users\Miguel\.m2\repository\org\apache\avro\avro-ipc\1.8.2\avro-ipc-1.8.2.jar;C:\Users\Miguel\.m2\repository\commons-codec\commons-codec\1.9\commons-codec-1.9.jar;C:\Users\Miguel\.m2\repository\com\twitter\chill_2.12\0.9.5\chill_2.12-0.9.5.jar;C:\Users\Miguel\.m2\repository\com\esotericsoftware\kryo-shaded\4.0.2\kryo-shaded-4.0.2.jar;C:\Users\Miguel\.m2\repository\com\esotericsoftware\minlog\1.3.0\minlog-1.3.0.jar;C:\Users\Miguel\.m2\repository\org\objenesis\objenesis\2.5.1\objenesis-2.5.1.jar;C:\Users\Miguel\.m2\repository\com\twitter\chill-java\0.9.5\chill-java-0.9.5.jar;C:\Users\Miguel\.m2\repository\org\apache\xbean\xbean-asm7-shaded\4.15\xbean-asm7-shaded-4.15.jar;C:\Users\Miguel\.m2\repository\org\apache\hadoop\hadoop-client\3.2.0\hadoop-client-3.2.0.jar;C:\Users\Miguel\.m2\repository\org\apache\hadoop\hadoop-common\3.2.0\hadoop-common-3.2.0.jar;C:\Users\Miguel\.m2\repository\com\google\guava\guava\11.0.2\guava-11.0.2.jar;C:\Users\Miguel\.m2\repository\commons-cli\commons-cli\1.2\commons-cli-1.2.jar;C:\Users\Miguel\.m2\repository\org\apache\httpcomponents\httpclient\4.5.2\httpclient-4.5.2.jar;C:\Users\Miguel\.m2\repository\org\apache\httpcomponents\httpcore\4.4.4\httpcore-4.4.4.jar;C:\Users\Miguel\.m2\repository\commons-io\commons-io\2.5\commons-io-2.5.jar;C:\Users\Miguel\.m2\repository\commons-collections\commons-collections\3.2.2\commons-collections-3.2.2.jar;C:\Users\Miguel\.m2\repository\javax\servlet\jsp\jsp-api\2.1\jsp-api-2.1.jar;C:\Users\Miguel\.m2\repository\commons-beanutils\commons-beanutils\1.9.3\commons-beanutils-1.9.3.jar;C:\Users\Miguel\.m2\repository\org\apache\commons\commons-configuration2\2.1.1\commons-configuration2-2.1.1.jar;C:\Users\Miguel\.m2\repository\com\google\re2j\re2j\1.1\re2j-1.1.jar;C:\Users\Miguel\.m2\repository\com\google\code\gson\gson\2.2.4\gson-2.2.4.jar;C:\Users\Miguel\.m2\repository\org\apache\hadoop\hadoop-auth\3.2.0\hadoop-auth-3.2.0.jar;C:\Users\Miguel\.m2\repository\com\nimbusds\nimbus-jose-jwt\4.41.1\nimbus-jose-jwt-4.41.1.jar;C:\Users\Miguel\.m2\repository\com\github\stephenc\jcip\jcip-annotations\1.0-1\jcip-annotations-1.0-1.jar;C:\Users\Miguel\.m2\repository\net\minidev\json-smart\2.3\json-smart-2.3.jar;C:\Users\Miguel\.m2\repository\net\minidev\accessors-smart\1.2\accessors-smart-1.2.jar;C:\Users\Miguel\.m2\repository\org\apache\curator\curator-client\2.12.0\curator-client-2.12.0.jar;C:\Users\Miguel\.m2\repository\org\apache\htrace\htrace-core4\4.1.0-incubating\htrace-core4-4.1.0-incubating.jar;C:\Users\Miguel\.m2\repository\org\apache\kerby\kerb-simplekdc\1.0.1\kerb-simplekdc-1.0.1.jar;C:\Users\Miguel\.m2\repository\org\apache\kerby\kerb-client\1.0.1\kerb-client-1.0.1.jar;C:\Users\Miguel\.m2\repository\org\apache\kerby\kerby-config\1.0.1\kerby-config-1.0.1.jar;C:\Users\Miguel\.m2\repository\org\apache\kerby\kerb-core\1.0.1\kerb-core-1.0.1.jar;C:\Users\Miguel\.m2\repository\org\apache\kerby\kerby-pkix\1.0.1\kerby-pkix-1.0.1.jar;C:\Users\Miguel\.m2\repository\org\apache\kerby\kerby-asn1\1.0.1\kerby-asn1-1.0.1.jar;C:\Users\Miguel\.m2\repository\org\apache\kerby\kerby-util\1.0.1\kerby-util-1.0.1.jar;C:\Users\Miguel\.m2\repository\org\apache\kerby\kerb-common\1.0.1\kerb-common-1.0.1.jar;C:\Users\Miguel\.m2\repository\org\apache\kerby\kerb-crypto\1.0.1\kerb-crypto-1.0.1.jar;C:\Users\Miguel\.m2\repository\org\apache\kerby\kerb-util\1.0.1\kerb-util-1.0.1.jar;C:\Users\Miguel\.m2\repository\org\apache\kerby\token-provider\1.0.1\token-provider-1.0.1.jar;C:\Users\Miguel\.m2\repository\org\apache\kerby\kerb-admin\1.0.1\kerb-admin-1.0.1.jar;C:\Users\Miguel\.m2\repository\org\apache\kerby\kerb-server\1.0.1\kerb-server-1.0.1.jar;C:\Users\Miguel\.m2\repository\org\apache\kerby\kerb-identity\1.0.1\kerb-identity-1.0.1.jar;C:\Users\Miguel\.m2\repository\org\apache\kerby\kerby-xdr\1.0.1\kerby-xdr-1.0.1.jar;C:\Users\Miguel\.m2\repository\org\codehaus\woodstox\stax2-api\3.1.4\stax2-api-3.1.4.jar;C:\Users\Miguel\.m2\repository\com\fasterxml\woodstox\woodstox-core\5.0.3\woodstox-core-5.0.3.jar;C:\Users\Miguel\.m2\repository\dnsjava\dnsjava\2.1.7\dnsjava-2.1.7.jar;C:\Users\Miguel\.m2\repository\org\apache\hadoop\hadoop-hdfs-client\3.2.0\hadoop-hdfs-client-3.2.0.jar;C:\Users\Miguel\.m2\repository\com\squareup\okhttp\okhttp\2.7.5\okhttp-2.7.5.jar;C:\Users\Miguel\.m2\repository\com\squareup\okio\okio\1.6.0\okio-1.6.0.jar;C:\Users\Miguel\.m2\repository\org\apache\hadoop\hadoop-yarn-api\3.2.0\hadoop-yarn-api-3.2.0.jar;C:\Users\Miguel\.m2\repository\javax\xml\bind\jaxb-api\2.2.11\jaxb-api-2.2.11.jar;C:\Users\Miguel\.m2\repository\org\apache\hadoop\hadoop-yarn-client\3.2.0\hadoop-yarn-client-3.2.0.jar;C:\Users\Miguel\.m2\repository\org\apache\hadoop\hadoop-mapreduce-client-core\3.2.0\hadoop-mapreduce-client-core-3.2.0.jar;C:\Users\Miguel\.m2\repository\org\apache\hadoop\hadoop-yarn-common\3.2.0\hadoop-yarn-common-3.2.0.jar;C:\Users\Miguel\.m2\repository\com\fasterxml\jackson\module\jackson-module-jaxb-annotations\2.9.5\jackson-module-jaxb-annotations-2.9.5.jar;C:\Users\Miguel\.m2\repository\com\fasterxml\jackson\jaxrs\jackson-jaxrs-json-provider\2.9.5\jackson-jaxrs-json-provider-2.9.5.jar;C:\Users\Miguel\.m2\repository\com\fasterxml\jackson\jaxrs\jackson-jaxrs-base\2.9.5\jackson-jaxrs-base-2.9.5.jar;C:\Users\Miguel\.m2\repository\org\apache\hadoop\hadoop-mapreduce-client-jobclient\3.2.0\hadoop-mapreduce-client-jobclient-3.2.0.jar;C:\Users\Miguel\.m2\repository\org\apache\hadoop\hadoop-mapreduce-client-common\3.2.0\hadoop-mapreduce-client-common-3.2.0.jar;C:\Users\Miguel\.m2\repository\org\apache\hadoop\hadoop-annotations\3.2.0\hadoop-annotations-3.2.0.jar;C:\Users\Miguel\.m2\repository\org\apache\spark\spark-launcher_2.12\3.1.1\spark-launcher_2.12-3.1.1.jar;C:\Users\Miguel\.m2\repository\org\apache\spark\spark-kvstore_2.12\3.1.1\spark-kvstore_2.12-3.1.1.jar;C:\Users\Miguel\.m2\repository\org\fusesource\leveldbjni\leveldbjni-all\1.8\leveldbjni-all-1.8.jar;C:\Users\Miguel\.m2\repository\com\fasterxml\jackson\core\jackson-core\2.10.0\jackson-core-2.10.0.jar;C:\Users\Miguel\.m2\repository\com\fasterxml\jackson\core\jackson-annotations\2.10.0\jackson-annotations-2.10.0.jar;C:\Users\Miguel\.m2\repository\org\apache\spark\spark-network-common_2.12\3.1.1\spark-network-common_2.12-3.1.1.jar;C:\Users\Miguel\.m2\repository\org\apache\spark\spark-network-shuffle_2.12\3.1.1\spark-network-shuffle_2.12-3.1.1.jar;C:\Users\Miguel\.m2\repository\org\apache\spark\spark-unsafe_2.12\3.1.1\spark-unsafe_2.12-3.1.1.jar;C:\Users\Miguel\.m2\repository\javax\activation\activation\1.1.1\activation-1.1.1.jar;C:\Users\Miguel\.m2\repository\org\apache\curator\curator-recipes\2.13.0\curator-recipes-2.13.0.jar;C:\Users\Miguel\.m2\repository\org\apache\curator\curator-framework\2.13.0\curator-framework-2.13.0.jar;C:\Users\Miguel\.m2\repository\org\apache\zookeeper\zookeeper\3.4.14\zookeeper-3.4.14.jar;C:\Users\Miguel\.m2\repository\org\apache\yetus\audience-annotations\0.5.0\audience-annotations-0.5.0.jar;C:\Users\Miguel\.m2\repository\jakarta\servlet\jakarta.servlet-api\4.0.3\jakarta.servlet-api-4.0.3.jar;C:\Users\Miguel\.m2\repository\org\apache\commons\commons-lang3\3.10\commons-lang3-3.10.jar;C:\Users\Miguel\.m2\repository\org\apache\commons\commons-math3\3.4.1\commons-math3-3.4.1.jar;C:\Users\Miguel\.m2\repository\org\apache\commons\commons-text\1.6\commons-text-1.6.jar;C:\Users\Miguel\.m2\repository\com\google\code\findbugs\jsr305\3.0.0\jsr305-3.0.0.jar;C:\Users\Miguel\.m2\repository\org\slf4j\jul-to-slf4j\1.7.30\jul-to-slf4j-1.7.30.jar;C:\Users\Miguel\.m2\repository\org\slf4j\jcl-over-slf4j\1.7.30\jcl-over-slf4j-1.7.30.jar;C:\Users\Miguel\.m2\repository\log4j\log4j\1.2.17\log4j-1.2.17.jar;C:\Users\Miguel\.m2\repository\org\slf4j\slf4j-log4j12\1.7.30\slf4j-log4j12-1.7.30.jar;C:\Users\Miguel\.m2\repository\com\ning\compress-lzf\1.0.3\compress-lzf-1.0.3.jar;C:\Users\Miguel\.m2\repository\org\xerial\snappy\snappy-java\1.1.8.2\snappy-java-1.1.8.2.jar;C:\Users\Miguel\.m2\repository\org\lz4\lz4-java\1.7.1\lz4-java-1.7.1.jar;C:\Users\Miguel\.m2\repository\com\github\luben\zstd-jni\1.4.8-1\zstd-jni-1.4.8-1.jar;C:\Users\Miguel\.m2\repository\org\roaringbitmap\RoaringBitmap\0.9.0\RoaringBitmap-0.9.0.jar;C:\Users\Miguel\.m2\repository\org\roaringbitmap\shims\0.9.0\shims-0.9.0.jar;C:\Users\Miguel\.m2\repository\commons-net\commons-net\3.1\commons-net-3.1.jar;C:\Users\Miguel\.m2\repository\org\scala-lang\modules\scala-xml_2.12\1.2.0\scala-xml_2.12-1.2.0.jar;C:\Users\Miguel\.m2\repository\org\scala-lang\scala-library\2.12.10\scala-library-2.12.10.jar;C:\Users\Miguel\.m2\repository\org\scala-lang\scala-reflect\2.12.10\scala-reflect-2.12.10.jar;C:\Users\Miguel\.m2\repository\org\json4s\json4s-jackson_2.12\3.7.0-M5\json4s-jackson_2.12-3.7.0-M5.jar;C:\Users\Miguel\.m2\repository\org\json4s\json4s-core_2.12\3.7.0-M5\json4s-core_2.12-3.7.0-M5.jar;C:\Users\Miguel\.m2\repository\org\json4s\json4s-ast_2.12\3.7.0-M5\json4s-ast_2.12-3.7.0-M5.jar;C:\Users\Miguel\.m2\repository\org\json4s\json4s-scalap_2.12\3.7.0-M5\json4s-scalap_2.12-3.7.0-M5.jar;C:\Users\Miguel\.m2\repository\org\glassfish\jersey\core\jersey-client\2.30\jersey-client-2.30.jar;C:\Users\Miguel\.m2\repository\jakarta\ws\rs\jakarta.ws.rs-api\2.1.6\jakarta.ws.rs-api-2.1.6.jar;C:\Users\Miguel\.m2\repository\org\glassfish\hk2\external\jakarta.inject\2.6.1\jakarta.inject-2.6.1.jar;C:\Users\Miguel\.m2\repository\org\glassfish\jersey\core\jersey-common\2.30\jersey-common-2.30.jar;C:\Users\Miguel\.m2\repository\jakarta\annotation\jakarta.annotation-api\1.3.5\jakarta.annotation-api-1.3.5.jar;C:\Users\Miguel\.m2\repository\org\glassfish\hk2\osgi-resource-locator\1.0.3\osgi-resource-locator-1.0.3.jar;C:\Users\Miguel\.m2\repository\org\glassfish\jersey\core\jersey-server\2.30\jersey-server-2.30.jar;C:\Users\Miguel\.m2\repository\org\glassfish\jersey\media\jersey-media-jaxb\2.30\jersey-media-jaxb-2.30.jar;C:\Users\Miguel\.m2\repository\jakarta\validation\jakarta.validation-api\2.0.2\jakarta.validation-api-2.0.2.jar;C:\Users\Miguel\.m2\repository\org\glassfish\jersey\containers\jersey-container-servlet\2.30\jersey-container-servlet-2.30.jar;C:\Users\Miguel\.m2\repository\org\glassfish\jersey\containers\jersey-container-servlet-core\2.30\jersey-container-servlet-core-2.30.jar;C:\Users\Miguel\.m2\repository\org\glassfish\jersey\inject\jersey-hk2\2.30\jersey-hk2-2.30.jar;C:\Users\Miguel\.m2\repository\org\glassfish\hk2\hk2-locator\2.6.1\hk2-locator-2.6.1.jar;C:\Users\Miguel\.m2\repository\org\glassfish\hk2\external\aopalliance-repackaged\2.6.1\aopalliance-repackaged-2.6.1.jar;C:\Users\Miguel\.m2\repository\org\glassfish\hk2\hk2-api\2.6.1\hk2-api-2.6.1.jar;C:\Users\Miguel\.m2\repository\org\glassfish\hk2\hk2-utils\2.6.1\hk2-utils-2.6.1.jar;C:\Users\Miguel\.m2\repository\org\javassist\javassist\3.25.0-GA\javassist-3.25.0-GA.jar;C:\Users\Miguel\.m2\repository\io\netty\netty-all\4.1.51.Final\netty-all-4.1.51.Final.jar;C:\Users\Miguel\.m2\repository\com\clearspring\analytics\stream\2.9.6\stream-2.9.6.jar;C:\Users\Miguel\.m2\repository\io\dropwizard\metrics\metrics-core\4.1.1\metrics-core-4.1.1.jar;C:\Users\Miguel\.m2\repository\io\dropwizard\metrics\metrics-jvm\4.1.1\metrics-jvm-4.1.1.jar;C:\Users\Miguel\.m2\repository\io\dropwizard\metrics\metrics-json\4.1.1\metrics-json-4.1.1.jar;C:\Users\Miguel\.m2\repository\io\dropwizard\metrics\metrics-graphite\4.1.1\metrics-graphite-4.1.1.jar;C:\Users\Miguel\.m2\repository\io\dropwizard\metrics\metrics-jmx\4.1.1\metrics-jmx-4.1.1.jar;C:\Users\Miguel\.m2\repository\com\fasterxml\jackson\core\jackson-databind\2.10.0\jackson-databind-2.10.0.jar;C:\Users\Miguel\.m2\repository\com\fasterxml\jackson\module\jackson-module-scala_2.12\2.10.0\jackson-module-scala_2.12-2.10.0.jar;C:\Users\Miguel\.m2\repository\com\fasterxml\jackson\module\jackson-module-paranamer\2.10.0\jackson-module-paranamer-2.10.0.jar;C:\Users\Miguel\.m2\repository\org\apache\ivy\ivy\2.4.0\ivy-2.4.0.jar;C:\Users\Miguel\.m2\repository\oro\oro\2.0.8\oro-2.0.8.jar;C:\Users\Miguel\.m2\repository\net\razorvine\pyrolite\4.30\pyrolite-4.30.jar;C:\Users\Miguel\.m2\repository\net\sf\py4j\py4j\0.10.9\py4j-0.10.9.jar;C:\Users\Miguel\.m2\repository\org\apache\spark\spark-tags_2.12\3.1.1\spark-tags_2.12-3.1.1.jar;C:\Users\Miguel\.m2\repository\org\apache\commons\commons-crypto\1.1.0\commons-crypto-1.1.0.jar;C:\Users\Miguel\.m2\repository\org\spark-project\spark\unused\1.0.0\unused-1.0.0.jar;C:\Users\Miguel\.m2\repository\org\apache\spark\spark-sql_2.12\3.1.1\spark-sql_2.12-3.1.1.jar;C:\Users\Miguel\.m2\repository\com\univocity\univocity-parsers\2.9.1\univocity-parsers-2.9.1.jar;C:\Users\Miguel\.m2\repository\org\apache\spark\spark-sketch_2.12\3.1.1\spark-sketch_2.12-3.1.1.jar;C:\Users\Miguel\.m2\repository\org\apache\spark\spark-catalyst_2.12\3.1.1\spark-catalyst_2.12-3.1.1.jar;C:\Users\Miguel\.m2\repository\org\scala-lang\modules\scala-parser-combinators_2.12\1.1.2\scala-parser-combinators_2.12-1.1.2.jar;C:\Users\Miguel\.m2\repository\org\codehaus\janino\janino\3.0.16\janino-3.0.16.jar;C:\Users\Miguel\.m2\repository\org\codehaus\janino\commons-compiler\3.0.16\commons-compiler-3.0.16.jar;C:\Users\Miguel\.m2\repository\org\antlr\antlr4-runtime\4.8-1\antlr4-runtime-4.8-1.jar;C:\Users\Miguel\.m2\repository\org\apache\arrow\arrow-vector\2.0.0\arrow-vector-2.0.0.jar;C:\Users\Miguel\.m2\repository\org\apache\arrow\arrow-format\2.0.0\arrow-format-2.0.0.jar;C:\Users\Miguel\.m2\repository\org\apache\arrow\arrow-memory-core\2.0.0\arrow-memory-core-2.0.0.jar;C:\Users\Miguel\.m2\repository\com\google\flatbuffers\flatbuffers-java\1.9.0\flatbuffers-java-1.9.0.jar;C:\Users\Miguel\.m2\repository\org\apache\arrow\arrow-memory-netty\2.0.0\arrow-memory-netty-2.0.0.jar;C:\Users\Miguel\.m2\repository\org\apache\orc\orc-core\1.5.12\orc-core-1.5.12.jar;C:\Users\Miguel\.m2\repository\org\apache\orc\orc-shims\1.5.12\orc-shims-1.5.12.jar;C:\Users\Miguel\.m2\repository\commons-lang\commons-lang\2.6\commons-lang-2.6.jar;C:\Users\Miguel\.m2\repository\io\airlift\aircompressor\0.10\aircompressor-0.10.jar;C:\Users\Miguel\.m2\repository\org\threeten\threeten-extra\1.5.0\threeten-extra-1.5.0.jar;C:\Users\Miguel\.m2\repository\org\apache\orc\orc-mapreduce\1.5.12\orc-mapreduce-1.5.12.jar;C:\Users\Miguel\.m2\repository\org\apache\hive\hive-storage-api\2.7.2\hive-storage-api-2.7.2.jar;C:\Users\Miguel\.m2\repository\org\apache\parquet\parquet-column\1.10.1\parquet-column-1.10.1.jar;C:\Users\Miguel\.m2\repository\org\apache\parquet\parquet-common\1.10.1\parquet-common-1.10.1.jar;C:\Users\Miguel\.m2\repository\org\apache\parquet\parquet-encoding\1.10.1\parquet-encoding-1.10.1.jar;C:\Users\Miguel\.m2\repository\org\apache\parquet\parquet-hadoop\1.10.1\parquet-hadoop-1.10.1.jar;C:\Users\Miguel\.m2\repository\org\apache\parquet\parquet-format\2.4.0\parquet-format-2.4.0.jar;C:\Users\Miguel\.m2\repository\org\apache\parquet\parquet-jackson\1.10.1\parquet-jackson-1.10.1.jar;"/>
    <property name="java.vm.vendor" value="Oracle Corporation"/>
    <property name="sun.arch.data.model" value="64"/>
    <property name="user.variant" value=""/>
    <property name="java.vendor.url" value="https://java.oracle.com/"/>
    <property name="user.timezone" value="America/Bogota"/>
    <property name="os.name" value="Windows 11"/>
    <property name="java.vm.specification.version" value="21"/>
    <property name="sun.java.launcher" value="SUN_STANDARD"/>
    <property name="user.country" value="CO"/>
    <property name="sun.boot.library.path" value="C:\Users\Miguel\.jdks\openjdk-21\bin"/>
    <property name="sun.java.command" value="C:\Users\Miguel\AppData\Local\Temp\surefire5582141052877038795\surefirebooter8298248496270002908.jar C:\Users\Miguel\AppData\Local\Temp\surefire5582141052877038795 2023-10-13T22-43-01_551-jvmRun1 surefire2961046374937597169tmp surefire_03625637556243983618tmp"/>
    <property name="jdk.debug" value="release"/>
    <property name="surefire.test.class.path" value="C:\my-app\target\test-classes;C:\my-app\target\classes;C:\Users\Miguel\.m2\repository\junit\junit\4.11\junit-4.11.jar;C:\Users\Miguel\.m2\repository\org\hamcrest\hamcrest-core\1.3\hamcrest-core-1.3.jar;C:\Users\Miguel\.m2\repository\com\sparkjava\spark-core\2.9.4\spark-core-2.9.4.jar;C:\Users\Miguel\.m2\repository\org\slf4j\slf4j-api\1.7.25\slf4j-api-1.7.25.jar;C:\Users\Miguel\.m2\repository\org\eclipse\jetty\jetty-server\9.4.48.v20220622\jetty-server-9.4.48.v20220622.jar;C:\Users\Miguel\.m2\repository\javax\servlet\javax.servlet-api\3.1.0\javax.servlet-api-3.1.0.jar;C:\Users\Miguel\.m2\repository\org\eclipse\jetty\jetty-http\9.4.48.v20220622\jetty-http-9.4.48.v20220622.jar;C:\Users\Miguel\.m2\repository\org\eclipse\jetty\jetty-util\9.4.48.v20220622\jetty-util-9.4.48.v20220622.jar;C:\Users\Miguel\.m2\repository\org\eclipse\jetty\jetty-io\9.4.48.v20220622\jetty-io-9.4.48.v20220622.jar;C:\Users\Miguel\.m2\repository\org\eclipse\jetty\jetty-webapp\9.4.48.v20220622\jetty-webapp-9.4.48.v20220622.jar;C:\Users\Miguel\.m2\repository\org\eclipse\jetty\jetty-xml\9.4.48.v20220622\jetty-xml-9.4.48.v20220622.jar;C:\Users\Miguel\.m2\repository\org\eclipse\jetty\jetty-servlet\9.4.48.v20220622\jetty-servlet-9.4.48.v20220622.jar;C:\Users\Miguel\.m2\repository\org\eclipse\jetty\jetty-security\9.4.48.v20220622\jetty-security-9.4.48.v20220622.jar;C:\Users\Miguel\.m2\repository\org\eclipse\jetty\jetty-util-ajax\9.4.48.v20220622\jetty-util-ajax-9.4.48.v20220622.jar;C:\Users\Miguel\.m2\repository\org\eclipse\jetty\websocket\websocket-server\9.4.48.v20220622\websocket-server-9.4.48.v20220622.jar;C:\Users\Miguel\.m2\repository\org\eclipse\jetty\websocket\websocket-common\9.4.48.v20220622\websocket-common-9.4.48.v20220622.jar;C:\Users\Miguel\.m2\repository\org\eclipse\jetty\websocket\websocket-client\9.4.48.v20220622\websocket-client-9.4.48.v20220622.jar;C:\Users\Miguel\.m2\repository\org\eclipse\jetty\jetty-client\9.4.48.v20220622\jetty-client-9.4.48.v20220622.jar;C:\Users\Miguel\.m2\repository\org\eclipse\jetty\websocket\websocket-servlet\9.4.48.v20220622\websocket-servlet-9.4.48.v20220622.jar;C:\Users\Miguel\.m2\repository\org\eclipse\jetty\websocket\websocket-api\9.4.48.v20220622\websocket-api-9.4.48.v20220622.jar;C:\Users\Miguel\.m2\repository\mysql\mysql-connector-java\8.0.13\mysql-connector-java-8.0.13.jar;C:\Users\Miguel\.m2\repository\com\google\protobuf\protobuf-java\3.6.1\protobuf-java-3.6.1.jar;C:\Users\Miguel\.m2\repository\org\apache\spark\spark-core_2.12\3.1.1\spark-core_2.12-3.1.1.jar;C:\Users\Miguel\.m2\repository\com\thoughtworks\paranamer\paranamer\2.8\paranamer-2.8.jar;C:\Users\Miguel\.m2\repository\org\apache\avro\avro\1.8.2\avro-1.8.2.jar;C:\Users\Miguel\.m2\repository\org\codehaus\jackson\jackson-core-asl\1.9.13\jackson-core-asl-1.9.13.jar;C:\Users\Miguel\.m2\repository\org\codehaus\jackson\jackson-mapper-asl\1.9.13\jackson-mapper-asl-1.9.13.jar;C:\Users\Miguel\.m2\repository\org\apache\commons\commons-compress\1.8.1\commons-compress-1.8.1.jar;C:\Users\Miguel\.m2\repository\org\tukaani\xz\1.5\xz-1.5.jar;C:\Users\Miguel\.m2\repository\org\apache\avro\avro-mapred\1.8.2\avro-mapred-1.8.2-hadoop2.jar;C:\Users\Miguel\.m2\repository\org\apache\avro\avro-ipc\1.8.2\avro-ipc-1.8.2.jar;C:\Users\Miguel\.m2\repository\commons-codec\commons-codec\1.9\commons-codec-1.9.jar;C:\Users\Miguel\.m2\repository\com\twitter\chill_2.12\0.9.5\chill_2.12-0.9.5.jar;C:\Users\Miguel\.m2\repository\com\esotericsoftware\kryo-shaded\4.0.2\kryo-shaded-4.0.2.jar;C:\Users\Miguel\.m2\repository\com\esotericsoftware\minlog\1.3.0\minlog-1.3.0.jar;C:\Users\Miguel\.m2\repository\org\objenesis\objenesis\2.5.1\objenesis-2.5.1.jar;C:\Users\Miguel\.m2\repository\com\twitter\chill-java\0.9.5\chill-java-0.9.5.jar;C:\Users\Miguel\.m2\repository\org\apache\xbean\xbean-asm7-shaded\4.15\xbean-asm7-shaded-4.15.jar;C:\Users\Miguel\.m2\repository\org\apache\hadoop\hadoop-client\3.2.0\hadoop-client-3.2.0.jar;C:\Users\Miguel\.m2\repository\org\apache\hadoop\hadoop-common\3.2.0\hadoop-common-3.2.0.jar;C:\Users\Miguel\.m2\repository\com\google\guava\guava\11.0.2\guava-11.0.2.jar;C:\Users\Miguel\.m2\repository\commons-cli\commons-cli\1.2\commons-cli-1.2.jar;C:\Users\Miguel\.m2\repository\org\apache\httpcomponents\httpclient\4.5.2\httpclient-4.5.2.jar;C:\Users\Miguel\.m2\repository\org\apache\httpcomponents\httpcore\4.4.4\httpcore-4.4.4.jar;C:\Users\Miguel\.m2\repository\commons-io\commons-io\2.5\commons-io-2.5.jar;C:\Users\Miguel\.m2\repository\commons-collections\commons-collections\3.2.2\commons-collections-3.2.2.jar;C:\Users\Miguel\.m2\repository\javax\servlet\jsp\jsp-api\2.1\jsp-api-2.1.jar;C:\Users\Miguel\.m2\repository\commons-beanutils\commons-beanutils\1.9.3\commons-beanutils-1.9.3.jar;C:\Users\Miguel\.m2\repository\org\apache\commons\commons-configuration2\2.1.1\commons-configuration2-2.1.1.jar;C:\Users\Miguel\.m2\repository\com\google\re2j\re2j\1.1\re2j-1.1.jar;C:\Users\Miguel\.m2\repository\com\google\code\gson\gson\2.2.4\gson-2.2.4.jar;C:\Users\Miguel\.m2\repository\org\apache\hadoop\hadoop-auth\3.2.0\hadoop-auth-3.2.0.jar;C:\Users\Miguel\.m2\repository\com\nimbusds\nimbus-jose-jwt\4.41.1\nimbus-jose-jwt-4.41.1.jar;C:\Users\Miguel\.m2\repository\com\github\stephenc\jcip\jcip-annotations\1.0-1\jcip-annotations-1.0-1.jar;C:\Users\Miguel\.m2\repository\net\minidev\json-smart\2.3\json-smart-2.3.jar;C:\Users\Miguel\.m2\repository\net\minidev\accessors-smart\1.2\accessors-smart-1.2.jar;C:\Users\Miguel\.m2\repository\org\apache\curator\curator-client\2.12.0\curator-client-2.12.0.jar;C:\Users\Miguel\.m2\repository\org\apache\htrace\htrace-core4\4.1.0-incubating\htrace-core4-4.1.0-incubating.jar;C:\Users\Miguel\.m2\repository\org\apache\kerby\kerb-simplekdc\1.0.1\kerb-simplekdc-1.0.1.jar;C:\Users\Miguel\.m2\repository\org\apache\kerby\kerb-client\1.0.1\kerb-client-1.0.1.jar;C:\Users\Miguel\.m2\repository\org\apache\kerby\kerby-config\1.0.1\kerby-config-1.0.1.jar;C:\Users\Miguel\.m2\repository\org\apache\kerby\kerb-core\1.0.1\kerb-core-1.0.1.jar;C:\Users\Miguel\.m2\repository\org\apache\kerby\kerby-pkix\1.0.1\kerby-pkix-1.0.1.jar;C:\Users\Miguel\.m2\repository\org\apache\kerby\kerby-asn1\1.0.1\kerby-asn1-1.0.1.jar;C:\Users\Miguel\.m2\repository\org\apache\kerby\kerby-util\1.0.1\kerby-util-1.0.1.jar;C:\Users\Miguel\.m2\repository\org\apache\kerby\kerb-common\1.0.1\kerb-common-1.0.1.jar;C:\Users\Miguel\.m2\repository\org\apache\kerby\kerb-crypto\1.0.1\kerb-crypto-1.0.1.jar;C:\Users\Miguel\.m2\repository\org\apache\kerby\kerb-util\1.0.1\kerb-util-1.0.1.jar;C:\Users\Miguel\.m2\repository\org\apache\kerby\token-provider\1.0.1\token-provider-1.0.1.jar;C:\Users\Miguel\.m2\repository\org\apache\kerby\kerb-admin\1.0.1\kerb-admin-1.0.1.jar;C:\Users\Miguel\.m2\repository\org\apache\kerby\kerb-server\1.0.1\kerb-server-1.0.1.jar;C:\Users\Miguel\.m2\repository\org\apache\kerby\kerb-identity\1.0.1\kerb-identity-1.0.1.jar;C:\Users\Miguel\.m2\repository\org\apache\kerby\kerby-xdr\1.0.1\kerby-xdr-1.0.1.jar;C:\Users\Miguel\.m2\repository\org\codehaus\woodstox\stax2-api\3.1.4\stax2-api-3.1.4.jar;C:\Users\Miguel\.m2\repository\com\fasterxml\woodstox\woodstox-core\5.0.3\woodstox-core-5.0.3.jar;C:\Users\Miguel\.m2\repository\dnsjava\dnsjava\2.1.7\dnsjava-2.1.7.jar;C:\Users\Miguel\.m2\repository\org\apache\hadoop\hadoop-hdfs-client\3.2.0\hadoop-hdfs-client-3.2.0.jar;C:\Users\Miguel\.m2\repository\com\squareup\okhttp\okhttp\2.7.5\okhttp-2.7.5.jar;C:\Users\Miguel\.m2\repository\com\squareup\okio\okio\1.6.0\okio-1.6.0.jar;C:\Users\Miguel\.m2\repository\org\apache\hadoop\hadoop-yarn-api\3.2.0\hadoop-yarn-api-3.2.0.jar;C:\Users\Miguel\.m2\repository\javax\xml\bind\jaxb-api\2.2.11\jaxb-api-2.2.11.jar;C:\Users\Miguel\.m2\repository\org\apache\hadoop\hadoop-yarn-client\3.2.0\hadoop-yarn-client-3.2.0.jar;C:\Users\Miguel\.m2\repository\org\apache\hadoop\hadoop-mapreduce-client-core\3.2.0\hadoop-mapreduce-client-core-3.2.0.jar;C:\Users\Miguel\.m2\repository\org\apache\hadoop\hadoop-yarn-common\3.2.0\hadoop-yarn-common-3.2.0.jar;C:\Users\Miguel\.m2\repository\com\fasterxml\jackson\module\jackson-module-jaxb-annotations\2.9.5\jackson-module-jaxb-annotations-2.9.5.jar;C:\Users\Miguel\.m2\repository\com\fasterxml\jackson\jaxrs\jackson-jaxrs-json-provider\2.9.5\jackson-jaxrs-json-provider-2.9.5.jar;C:\Users\Miguel\.m2\repository\com\fasterxml\jackson\jaxrs\jackson-jaxrs-base\2.9.5\jackson-jaxrs-base-2.9.5.jar;C:\Users\Miguel\.m2\repository\org\apache\hadoop\hadoop-mapreduce-client-jobclient\3.2.0\hadoop-mapreduce-client-jobclient-3.2.0.jar;C:\Users\Miguel\.m2\repository\org\apache\hadoop\hadoop-mapreduce-client-common\3.2.0\hadoop-mapreduce-client-common-3.2.0.jar;C:\Users\Miguel\.m2\repository\org\apache\hadoop\hadoop-annotations\3.2.0\hadoop-annotations-3.2.0.jar;C:\Users\Miguel\.m2\repository\org\apache\spark\spark-launcher_2.12\3.1.1\spark-launcher_2.12-3.1.1.jar;C:\Users\Miguel\.m2\repository\org\apache\spark\spark-kvstore_2.12\3.1.1\spark-kvstore_2.12-3.1.1.jar;C:\Users\Miguel\.m2\repository\org\fusesource\leveldbjni\leveldbjni-all\1.8\leveldbjni-all-1.8.jar;C:\Users\Miguel\.m2\repository\com\fasterxml\jackson\core\jackson-core\2.10.0\jackson-core-2.10.0.jar;C:\Users\Miguel\.m2\repository\com\fasterxml\jackson\core\jackson-annotations\2.10.0\jackson-annotations-2.10.0.jar;C:\Users\Miguel\.m2\repository\org\apache\spark\spark-network-common_2.12\3.1.1\spark-network-common_2.12-3.1.1.jar;C:\Users\Miguel\.m2\repository\org\apache\spark\spark-network-shuffle_2.12\3.1.1\spark-network-shuffle_2.12-3.1.1.jar;C:\Users\Miguel\.m2\repository\org\apache\spark\spark-unsafe_2.12\3.1.1\spark-unsafe_2.12-3.1.1.jar;C:\Users\Miguel\.m2\repository\javax\activation\activation\1.1.1\activation-1.1.1.jar;C:\Users\Miguel\.m2\repository\org\apache\curator\curator-recipes\2.13.0\curator-recipes-2.13.0.jar;C:\Users\Miguel\.m2\repository\org\apache\curator\curator-framework\2.13.0\curator-framework-2.13.0.jar;C:\Users\Miguel\.m2\repository\org\apache\zookeeper\zookeeper\3.4.14\zookeeper-3.4.14.jar;C:\Users\Miguel\.m2\repository\org\apache\yetus\audience-annotations\0.5.0\audience-annotations-0.5.0.jar;C:\Users\Miguel\.m2\repository\jakarta\servlet\jakarta.servlet-api\4.0.3\jakarta.servlet-api-4.0.3.jar;C:\Users\Miguel\.m2\repository\org\apache\commons\commons-lang3\3.10\commons-lang3-3.10.jar;C:\Users\Miguel\.m2\repository\org\apache\commons\commons-math3\3.4.1\commons-math3-3.4.1.jar;C:\Users\Miguel\.m2\repository\org\apache\commons\commons-text\1.6\commons-text-1.6.jar;C:\Users\Miguel\.m2\repository\com\google\code\findbugs\jsr305\3.0.0\jsr305-3.0.0.jar;C:\Users\Miguel\.m2\repository\org\slf4j\jul-to-slf4j\1.7.30\jul-to-slf4j-1.7.30.jar;C:\Users\Miguel\.m2\repository\org\slf4j\jcl-over-slf4j\1.7.30\jcl-over-slf4j-1.7.30.jar;C:\Users\Miguel\.m2\repository\log4j\log4j\1.2.17\log4j-1.2.17.jar;C:\Users\Miguel\.m2\repository\org\slf4j\slf4j-log4j12\1.7.30\slf4j-log4j12-1.7.30.jar;C:\Users\Miguel\.m2\repository\com\ning\compress-lzf\1.0.3\compress-lzf-1.0.3.jar;C:\Users\Miguel\.m2\repository\org\xerial\snappy\snappy-java\1.1.8.2\snappy-java-1.1.8.2.jar;C:\Users\Miguel\.m2\repository\org\lz4\lz4-java\1.7.1\lz4-java-1.7.1.jar;C:\Users\Miguel\.m2\repository\com\github\luben\zstd-jni\1.4.8-1\zstd-jni-1.4.8-1.jar;C:\Users\Miguel\.m2\repository\org\roaringbitmap\RoaringBitmap\0.9.0\RoaringBitmap-0.9.0.jar;C:\Users\Miguel\.m2\repository\org\roaringbitmap\shims\0.9.0\shims-0.9.0.jar;C:\Users\Miguel\.m2\repository\commons-net\commons-net\3.1\commons-net-3.1.jar;C:\Users\Miguel\.m2\repository\org\scala-lang\modules\scala-xml_2.12\1.2.0\scala-xml_2.12-1.2.0.jar;C:\Users\Miguel\.m2\repository\org\scala-lang\scala-library\2.12.10\scala-library-2.12.10.jar;C:\Users\Miguel\.m2\repository\org\scala-lang\scala-reflect\2.12.10\scala-reflect-2.12.10.jar;C:\Users\Miguel\.m2\repository\org\json4s\json4s-jackson_2.12\3.7.0-M5\json4s-jackson_2.12-3.7.0-M5.jar;C:\Users\Miguel\.m2\repository\org\json4s\json4s-core_2.12\3.7.0-M5\json4s-core_2.12-3.7.0-M5.jar;C:\Users\Miguel\.m2\repository\org\json4s\json4s-ast_2.12\3.7.0-M5\json4s-ast_2.12-3.7.0-M5.jar;C:\Users\Miguel\.m2\repository\org\json4s\json4s-scalap_2.12\3.7.0-M5\json4s-scalap_2.12-3.7.0-M5.jar;C:\Users\Miguel\.m2\repository\org\glassfish\jersey\core\jersey-client\2.30\jersey-client-2.30.jar;C:\Users\Miguel\.m2\repository\jakarta\ws\rs\jakarta.ws.rs-api\2.1.6\jakarta.ws.rs-api-2.1.6.jar;C:\Users\Miguel\.m2\repository\org\glassfish\hk2\external\jakarta.inject\2.6.1\jakarta.inject-2.6.1.jar;C:\Users\Miguel\.m2\repository\org\glassfish\jersey\core\jersey-common\2.30\jersey-common-2.30.jar;C:\Users\Miguel\.m2\repository\jakarta\annotation\jakarta.annotation-api\1.3.5\jakarta.annotation-api-1.3.5.jar;C:\Users\Miguel\.m2\repository\org\glassfish\hk2\osgi-resource-locator\1.0.3\osgi-resource-locator-1.0.3.jar;C:\Users\Miguel\.m2\repository\org\glassfish\jersey\core\jersey-server\2.30\jersey-server-2.30.jar;C:\Users\Miguel\.m2\repository\org\glassfish\jersey\media\jersey-media-jaxb\2.30\jersey-media-jaxb-2.30.jar;C:\Users\Miguel\.m2\repository\jakarta\validation\jakarta.validation-api\2.0.2\jakarta.validation-api-2.0.2.jar;C:\Users\Miguel\.m2\repository\org\glassfish\jersey\containers\jersey-container-servlet\2.30\jersey-container-servlet-2.30.jar;C:\Users\Miguel\.m2\repository\org\glassfish\jersey\containers\jersey-container-servlet-core\2.30\jersey-container-servlet-core-2.30.jar;C:\Users\Miguel\.m2\repository\org\glassfish\jersey\inject\jersey-hk2\2.30\jersey-hk2-2.30.jar;C:\Users\Miguel\.m2\repository\org\glassfish\hk2\hk2-locator\2.6.1\hk2-locator-2.6.1.jar;C:\Users\Miguel\.m2\repository\org\glassfish\hk2\external\aopalliance-repackaged\2.6.1\aopalliance-repackaged-2.6.1.jar;C:\Users\Miguel\.m2\repository\org\glassfish\hk2\hk2-api\2.6.1\hk2-api-2.6.1.jar;C:\Users\Miguel\.m2\repository\org\glassfish\hk2\hk2-utils\2.6.1\hk2-utils-2.6.1.jar;C:\Users\Miguel\.m2\repository\org\javassist\javassist\3.25.0-GA\javassist-3.25.0-GA.jar;C:\Users\Miguel\.m2\repository\io\netty\netty-all\4.1.51.Final\netty-all-4.1.51.Final.jar;C:\Users\Miguel\.m2\repository\com\clearspring\analytics\stream\2.9.6\stream-2.9.6.jar;C:\Users\Miguel\.m2\repository\io\dropwizard\metrics\metrics-core\4.1.1\metrics-core-4.1.1.jar;C:\Users\Miguel\.m2\repository\io\dropwizard\metrics\metrics-jvm\4.1.1\metrics-jvm-4.1.1.jar;C:\Users\Miguel\.m2\repository\io\dropwizard\metrics\metrics-json\4.1.1\metrics-json-4.1.1.jar;C:\Users\Miguel\.m2\repository\io\dropwizard\metrics\metrics-graphite\4.1.1\metrics-graphite-4.1.1.jar;C:\Users\Miguel\.m2\repository\io\dropwizard\metrics\metrics-jmx\4.1.1\metrics-jmx-4.1.1.jar;C:\Users\Miguel\.m2\repository\com\fasterxml\jackson\core\jackson-databind\2.10.0\jackson-databind-2.10.0.jar;C:\Users\Miguel\.m2\repository\com\fasterxml\jackson\module\jackson-module-scala_2.12\2.10.0\jackson-module-scala_2.12-2.10.0.jar;C:\Users\Miguel\.m2\repository\com\fasterxml\jackson\module\jackson-module-paranamer\2.10.0\jackson-module-paranamer-2.10.0.jar;C:\Users\Miguel\.m2\repository\org\apache\ivy\ivy\2.4.0\ivy-2.4.0.jar;C:\Users\Miguel\.m2\repository\oro\oro\2.0.8\oro-2.0.8.jar;C:\Users\Miguel\.m2\repository\net\razorvine\pyrolite\4.30\pyrolite-4.30.jar;C:\Users\Miguel\.m2\repository\net\sf\py4j\py4j\0.10.9\py4j-0.10.9.jar;C:\Users\Miguel\.m2\repository\org\apache\spark\spark-tags_2.12\3.1.1\spark-tags_2.12-3.1.1.jar;C:\Users\Miguel\.m2\repository\org\apache\commons\commons-crypto\1.1.0\commons-crypto-1.1.0.jar;C:\Users\Miguel\.m2\repository\org\spark-project\spark\unused\1.0.0\unused-1.0.0.jar;C:\Users\Miguel\.m2\repository\org\apache\spark\spark-sql_2.12\3.1.1\spark-sql_2.12-3.1.1.jar;C:\Users\Miguel\.m2\repository\com\univocity\univocity-parsers\2.9.1\univocity-parsers-2.9.1.jar;C:\Users\Miguel\.m2\repository\org\apache\spark\spark-sketch_2.12\3.1.1\spark-sketch_2.12-3.1.1.jar;C:\Users\Miguel\.m2\repository\org\apache\spark\spark-catalyst_2.12\3.1.1\spark-catalyst_2.12-3.1.1.jar;C:\Users\Miguel\.m2\repository\org\scala-lang\modules\scala-parser-combinators_2.12\1.1.2\scala-parser-combinators_2.12-1.1.2.jar;C:\Users\Miguel\.m2\repository\org\codehaus\janino\janino\3.0.16\janino-3.0.16.jar;C:\Users\Miguel\.m2\repository\org\codehaus\janino\commons-compiler\3.0.16\commons-compiler-3.0.16.jar;C:\Users\Miguel\.m2\repository\org\antlr\antlr4-runtime\4.8-1\antlr4-runtime-4.8-1.jar;C:\Users\Miguel\.m2\repository\org\apache\arrow\arrow-vector\2.0.0\arrow-vector-2.0.0.jar;C:\Users\Miguel\.m2\repository\org\apache\arrow\arrow-format\2.0.0\arrow-format-2.0.0.jar;C:\Users\Miguel\.m2\repository\org\apache\arrow\arrow-memory-core\2.0.0\arrow-memory-core-2.0.0.jar;C:\Users\Miguel\.m2\repository\com\google\flatbuffers\flatbuffers-java\1.9.0\flatbuffers-java-1.9.0.jar;C:\Users\Miguel\.m2\repository\org\apache\arrow\arrow-memory-netty\2.0.0\arrow-memory-netty-2.0.0.jar;C:\Users\Miguel\.m2\repository\org\apache\orc\orc-core\1.5.12\orc-core-1.5.12.jar;C:\Users\Miguel\.m2\repository\org\apache\orc\orc-shims\1.5.12\orc-shims-1.5.12.jar;C:\Users\Miguel\.m2\repository\commons-lang\commons-lang\2.6\commons-lang-2.6.jar;C:\Users\Miguel\.m2\repository\io\airlift\aircompressor\0.10\aircompressor-0.10.jar;C:\Users\Miguel\.m2\repository\org\threeten\threeten-extra\1.5.0\threeten-extra-1.5.0.jar;C:\Users\Miguel\.m2\repository\org\apache\orc\orc-mapreduce\1.5.12\orc-mapreduce-1.5.12.jar;C:\Users\Miguel\.m2\repository\org\apache\hive\hive-storage-api\2.7.2\hive-storage-api-2.7.2.jar;C:\Users\Miguel\.m2\repository\org\apache\parquet\parquet-column\1.10.1\parquet-column-1.10.1.jar;C:\Users\Miguel\.m2\repository\org\apache\parquet\parquet-common\1.10.1\parquet-common-1.10.1.jar;C:\Users\Miguel\.m2\repository\org\apache\parquet\parquet-encoding\1.10.1\parquet-encoding-1.10.1.jar;C:\Users\Miguel\.m2\repository\org\apache\parquet\parquet-hadoop\1.10.1\parquet-hadoop-1.10.1.jar;C:\Users\Miguel\.m2\repository\org\apache\parquet\parquet-format\2.4.0\parquet-format-2.4.0.jar;C:\Users\Miguel\.m2\repository\org\apache\parquet\parquet-jackson\1.10.1\parquet-jackson-1.10.1.jar;"/>
    <property name="sun.cpu.endian" value="little"/>
    <property name="user.home" value="C:\Users\Miguel"/>
    <property name="user.language" value="es"/>
    <property name="java.specification.vendor" value="Oracle Corporation"/>
    <property name="java.version.date" value="2023-09-19"/>
    <property name="java.home" value="C:\Users\Miguel\.jdks\openjdk-21"/>
    <property name="file.separator" value="\"/>
    <property name="basedir" value="C:\my-app"/>
    <property name="java.vm.compressedOopsMode" value="Zero based"/>
    <property name="line.separator" value="&#10;"/>
    <property name="java.vm.specification.vendor" value="Oracle Corporation"/>
    <property name="java.specification.name" value="Java Platform API Specification"/>
    <property name="surefire.real.class.path" value="C:\Users\Miguel\AppData\Local\Temp\surefire5582141052877038795\surefirebooter8298248496270002908.jar"/>
    <property name="user.script" value=""/>
    <property name="sun.management.compiler" value="HotSpot 64-Bit Tiered Compilers"/>
    <property name="java.runtime.version" value="21+35-2513"/>
    <property name="user.name" value="Miguel"/>
    <property name="stdout.encoding" value="Cp1252"/>
    <property name="path.separator" value=";"/>
    <property name="os.version" value="10.0"/>
    <property name="java.runtime.name" value="OpenJDK Runtime Environment"/>
    <property name="file.encoding" value="UTF-8"/>
    <property name="java.vm.name" value="OpenJDK 64-Bit Server VM"/>
    <property name="localRepository" value="C:\Users\Miguel\.m2\repository"/>
    <property name="java.vendor.url.bug" value="https://bugreport.java.com/bugreport/"/>
    <property name="java.io.tmpdir" value="C:\Users\Miguel\AppData\Local\Temp\"/>
    <property name="idea.version" value="2023.1.2"/>
    <property name="java.version" value="21"/>
    <property name="user.dir" value="C:\my-app"/>
    <property name="os.arch" value="amd64"/>
    <property name="java.vm.specification.name" value="Java Virtual Machine Specification"/>
    <property name="sun.os.patch.level" value=""/>
    <property name="native.encoding" value="Cp1252"/>
    <property name="java.library.path" value="C:\Users\Miguel\.jdks\openjdk-21\bin;C:\Windows\Sun\Java\bin;C:\Windows\system32;C:\Windows;C:\Windows\system32;C:\Windows;C:\Windows\System32\Wbem;C:\Windows\System32\WindowsPowerShell\v1.0\;C:\Windows\System32\OpenSSH\;C:\Program Files\Git\cmd;C:\Users\Miguel\Downloads\spark-3.4.1-bin-hadoop3\bin;%HADOOP_HOME%\bin;C:\apache-maven-3.9.3\bin;C:\java\bin;;C:\Program Files (x86)\NVIDIA Corporation\PhysX\Common;C:\Program Files\NVIDIA Corporation\NVIDIA NvDLISR;C:\Program Files\Docker\Docker\resources\bin;C:\Users\Miguel\AppData\Local\Microsoft\WindowsApps;C:\Users\Miguel\AppData\Local\Programs\Microsoft VS Code\bin;C:\spark\bin;C:\Users\Miguel\Downloads\winutils\hadoop-3.0.0\bin;C:\apache-maven-3.9.3\bin;C:\Program Files\JetBrains\IntelliJ IDEA Community Edition 2023.1.2\bin;;C:\java\bin;;."/>
    <property name="java.vm.info" value="mixed mode, sharing"/>
    <property name="stderr.encoding" value="Cp1252"/>
    <property name="java.vendor" value="Oracle Corporation"/>
    <property name="java.vm.version" value="21+35-2513"/>
    <property name="sun.io.unicode.encoding" value="UnicodeLittle"/>
    <property name="java.class.version" value="65.0"/>
  </properties>
  <testcase name="shouldAnswerWithTrue" classname="com.globant.app.AppTest" time="0.002"/>
</testsuite>